<?xml version="1.0" encoding="UTF-8"?>
<!-- Generated by org.testng.reporters.JUnitReportReporter -->
<testsuite hostname="DESKTOP-MLOUV3A" failures="0" tests="3" name="TestNGPackage.Annotations" time="0.019" errors="0" timestamp="2022-07-28T23:27:22 IST" skipped="0">
  <testcase classname="TestNGPackage.Annotations" name="Test6" time="0.003"/>
  <system-out>
    <![CDATA[I am Non Static Method]]>
  </system-out>
  <testcase classname="TestNGPackage.Annotations" name="Test1" time="0.013"/>
  <system-out>
    <![CDATA[I am Static Test Method]]>
  </system-out>
  <testcase classname="TestNGPackage.Annotations" name="Test4" time="0.003"/>
  <system-out>
    <![CDATA[I am Non Static Method]]>
  </system-out>
</testsuite> <!-- TestNGPackage.Annotations -->
