<?xml version="1.0" encoding="UTF-8"?>
<!-- Generated by org.testng.reporters.JUnitReportReporter -->
<testsuite hostname="DESKTOP-MLOUV3A" failures="0" tests="1" name="TestNGPackage.TestNGCheck" time="10.710" errors="0" timestamp="2022-07-20T23:46:46 IST" skipped="0">
  <testcase classname="TestNGPackage.TestNGCheck" name="TestNGMethod" time="10.710"/>
  <system-out/>
</testsuite> <!-- TestNGPackage.TestNGCheck -->
