<?xml version="1.0" encoding="UTF-8"?>
<!-- Generated by org.testng.reporters.JUnitReportReporter -->
<testsuite hostname="DESKTOP-MLOUV3A" failures="0" tests="2" name="Test_Package.TestNG_Property" time="6.701" errors="0" timestamp="2022-08-08T23:19:23 IST" skipped="0">
  <testcase classname="Test_Package.TestNG_Property" name="Validate_TC" time="4.144"/>
  <system-out/>
  <testcase classname="Test_Package.TestNG_Property" name="Validate_TC" time="2.557"/>
  <system-out/>
</testsuite> <!-- Test_Package.TestNG_Property -->
