<?xml version="1.0" encoding="UTF-8"?>
<!-- Generated by org.testng.reporters.JUnitReportReporter -->
<testsuite hostname="DESKTOP-MLOUV3A" failures="0" tests="2" name="Test_Package.FB_Cross_Browser" time="0.013" errors="0" timestamp="2022-08-06T16:43:37 IST" skipped="0">
  <testcase classname="Test_Package.FB_Cross_Browser" name="xyz" time="0.006"/>
  <system-out/>
  <testcase classname="Test_Package.FB_Cross_Browser" name="xyz" time="0.007"/>
  <system-out/>
</testsuite> <!-- Test_Package.FB_Cross_Browser -->
