<?xml version="1.0" encoding="UTF-8"?>
<!-- Generated by org.testng.reporters.JUnitReportReporter -->
<testsuite hostname="DESKTOP-MLOUV3A" failures="0" tests="1" name="TestNGPackage.Reporter_Logs" time="0.019" errors="0" timestamp="2022-07-21T23:02:12 IST" skipped="0">
  <testcase classname="TestNGPackage.Reporter_Logs" name="PrintingAtReport" time="0.019"/>
  <system-out>
    <![CDATA[I am Report level Printing statement without Boolean state
I am Report level Printing statement with Boolean state]]>
  </system-out>
</testsuite> <!-- TestNGPackage.Reporter_Logs -->
