<?xml version="1.0" encoding="UTF-8"?>
<!-- Generated by org.testng.reporters.JUnitReportReporter -->
<testsuite hostname="DESKTOP-MLOUV3A" failures="0" tests="6" name="TestNGPackage.keywords" time="0.016" errors="0" timestamp="2022-07-28T23:27:22 IST" skipped="0">
  <testcase classname="TestNGPackage.keywords" name="a" time="0.003"/>
  <system-out/>
  <testcase classname="TestNGPackage.keywords" name="a" time="0.002"/>
  <system-out/>
  <testcase classname="TestNGPackage.keywords" name="a" time="0.002"/>
  <system-out/>
  <testcase classname="TestNGPackage.keywords" name="c" time="0.003"/>
  <system-out/>
  <testcase classname="TestNGPackage.keywords" name="c" time="0.004"/>
  <system-out/>
  <testcase classname="TestNGPackage.keywords" name="e" time="0.002"/>
  <system-out/>
</testsuite> <!-- TestNGPackage.keywords -->
