<?xml version="1.0" encoding="UTF-8"?>
<!-- Generated by org.testng.reporters.JUnitReportReporter -->
<testsuite hostname="DESKTOP-MLOUV3A" failures="0" tests="4" name="TestNGPackage.crossBrowser" time="105.913" errors="0" timestamp="2022-07-29T18:10:24 IST" skipped="0">
  <testcase classname="TestNGPackage.crossBrowser" name="variousBrowser" time="21.490"/>
  <system-out/>
  <testcase classname="TestNGPackage.crossBrowser" name="variousBrowser" time="34.392"/>
  <system-out/>
  <testcase classname="TestNGPackage.crossBrowser" name="variousBrowser" time="14.580"/>
  <system-out/>
  <testcase classname="TestNGPackage.crossBrowser" name="variousBrowser" time="35.451"/>
  <system-out/>
</testsuite> <!-- TestNGPackage.crossBrowser -->
