<?xml version="1.0" encoding="UTF-8"?>
<!-- Generated by org.testng.reporters.JUnitReportReporter -->
<testsuite hostname="DESKTOP-MLOUV3A" failures="0" tests="1" name="TestNGPackage.soft_Asserts" time="0.026" errors="0" timestamp="2022-07-29T01:04:52 IST" skipped="0">
  <testcase classname="TestNGPackage.soft_Asserts" name="Test" time="0.026"/>
  <system-out/>
</testsuite> <!-- TestNGPackage.soft_Asserts -->
