<?xml version="1.0" encoding="UTF-8"?>
<!-- Generated by org.testng.reporters.JUnitReportReporter -->
<testsuite hostname="DESKTOP-MLOUV3A" failures="0" tests="3" name="TestNGPackage.series_parallel" time="41.957" errors="0" timestamp="2022-07-28T23:44:57 IST" skipped="0">
  <testcase classname="TestNGPackage.series_parallel" name="Web2" time="11.308"/>
  <system-out/>
  <testcase classname="TestNGPackage.series_parallel" name="Web1" time="10.705"/>
  <system-out/>
  <testcase classname="TestNGPackage.series_parallel" name="Web3" time="19.944"/>
  <system-out/>
</testsuite> <!-- TestNGPackage.series_parallel -->
